\BOOKMARK [1][-]{section.1}{Heuristiques de constructions}{}% 1
\BOOKMARK [2][-]{subsection.1.1}{N.N.H.}{section.1}% 2
\BOOKMARK [2][-]{subsection.1.2}{R.G.S.C}{section.1}% 3
\BOOKMARK [1][-]{section.2}{Op\351rateurs de modification}{}% 4
\BOOKMARK [2][-]{subsection.2.1}{2-opt}{section.2}% 5
\BOOKMARK [2][-]{subsection.2.2}{3-opt}{section.2}% 6
\BOOKMARK [1][-]{section.3}{Algorithmes de recherche locale}{}% 7
\BOOKMARK [2][-]{subsection.3.1}{Descente avec 2-opt}{section.3}% 8
\BOOKMARK [2][-]{subsection.3.2}{Descente avec 3-opt}{section.3}% 9
\BOOKMARK [2][-]{subsection.3.3}{VND}{section.3}% 10
\BOOKMARK [2][-]{subsection.3.4}{VNS}{section.3}% 11
\BOOKMARK [1][-]{section.4}{Exp\351rimentation}{}% 12
\BOOKMARK [2][-]{subsection.4.1}{En partant de N.N.H.}{section.4}% 13
\BOOKMARK [2][-]{subsection.4.2}{En partant de R.G.S.C}{section.4}% 14
\BOOKMARK [2][-]{subsection.4.3}{Modification du crit\350re d\220arr\352t de VNS}{section.4}% 15
\BOOKMARK [1][-]{section.5}{GRASP}{}% 16
\BOOKMARK [2][-]{subsection.5.1}{Construction des solutions}{section.5}% 17
\BOOKMARK [2][-]{subsection.5.2}{Premi\350res exp\351rimentations}{section.5}% 18
\BOOKMARK [2][-]{subsection.5.3}{Arr\352t probabiliste}{section.5}% 19
\BOOKMARK [2][-]{subsection.5.4}{Nouvelles exp\351rimentations}{section.5}% 20
\BOOKMARK [2][-]{subsection.5.5}{Stabilit\351 des meilleures possibilit\351s}{section.5}% 21
\BOOKMARK [1][-]{section.6}{Path-relinking}{}% 22
\BOOKMARK [2][-]{subsection.6.1}{Mouvement swap}{section.6}% 23
\BOOKMARK [2][-]{subsection.6.2}{Mouvement insertion}{section.6}% 24
\BOOKMARK [2][-]{subsection.6.3}{Inclusion dans GRASP}{section.6}% 25
